# JRE version: Java(TM) SE Runtime Environment (9.0+11) (build 9.0.1+11)
# Java VM: Java HotSpot(TM) 64-Bit Server VM (9.0.1+11, mixed mode, tiered, compressed oops, g1 gc, bsd-amd64)
Heap:
 garbage-first heap   total 242688K, used 113824K [0x0000000740000000, 0x0000000740100768, 0x00000007c0000000)
  region size 1024K, 34 young (34816K), 3 survivors (3072K)
 Metaspace       used 41240K, capacity 45386K, committed 45564K, reserved 1089536K
  class space    used 5366K, capacity 6039K, committed 6140K, reserved 1048576K
GC Heap History (10 events):
Event: 51.251 GC heap before
{Heap before GC invocations=137 (full 0):
 garbage-first heap   total 242688K, used 212094K [0x0000000740000000, 0x0000000740100768, 0x00000007c0000000)
  region size 1024K, 130 young (133120K), 4 survivors (4096K)
 Metaspace       used 41120K, capacity 45228K, committed 45564K, reserved 1089536K
  class space    used 5362K, capacity 6032K, committed 6140K, reserved 1048576K
}
Event: 51.253 GC heap after
{Heap after GC invocations=138 (full 0):
 garbage-first heap   total 242688K, used 82011K [0x0000000740000000, 0x0000000740100768, 0x00000007c0000000)
  region size 1024K, 2 young (2048K), 2 survivors (2048K)
 Metaspace       used 41120K, capacity 45228K, committed 45564K, reserved 1089536K
  class space    used 5362K, capacity 6032K, committed 6140K, reserved 1048576K
}
Event: 51.621 GC heap before
{Heap before GC invocations=138 (full 0):
 garbage-first heap   total 242688K, used 215131K [0x0000000740000000, 0x0000000740100768, 0x00000007c0000000)
  region size 1024K, 132 young (135168K), 2 survivors (2048K)
 Metaspace       used 41145K, capacity 45292K, committed 45564K, reserved 1089536K
  class space    used 5362K, capacity 6032K, committed 6140K, reserved 1048576K
}
Event: 51.624 GC heap after
{Heap after GC invocations=139 (full 0):
 garbage-first heap   total 242688K, used 82664K [0x0000000740000000, 0x0000000740100768, 0x00000007c0000000)
  region size 1024K, 3 young (3072K), 3 survivors (3072K)
 Metaspace       used 41145K, capacity 45292K, committed 45564K, reserved 1089536K
  class space    used 5362K, capacity 6032K, committed 6140K, reserved 1048576K
}
Event: 52.017 GC heap before
{Heap before GC invocations=139 (full 0):
 garbage-first heap   total 242688K, used 213736K [0x0000000740000000, 0x0000000740100768, 0x00000007c0000000)
  region size 1024K, 131 young (134144K), 3 survivors (3072K)
 Metaspace       used 41182K, capacity 45296K, committed 45564K, reserved 1089536K
  class space    used 5362K, capacity 6032K, committed 6140K, reserved 1048576K
}
Event: 52.020 GC heap after
{Heap after GC invocations=140 (full 0):
 garbage-first heap   total 242688K, used 82612K [0x0000000740000000, 0x0000000740100768, 0x00000007c0000000)
  region size 1024K, 3 young (3072K), 3 survivors (3072K)
 Metaspace       used 41182K, capacity 45296K, committed 45564K, reserved 1089536K
  class space    used 5362K, capacity 6032K, committed 6140K, reserved 1048576K
}
Event: 52.417 GC heap before
{Heap before GC invocations=140 (full 0):
 garbage-first heap   total 242688K, used 213684K [0x0000000740000000, 0x0000000740100768, 0x00000007c0000000)
  region size 1024K, 131 young (134144K), 3 survivors (3072K)
 Metaspace       used 41223K, capacity 45360K, committed 45564K, reserved 1089536K
  class space    used 5362K, capacity 6032K, committed 6140K, reserved 1048576K
}
Event: 52.419 GC heap after
{Heap after GC invocations=141 (full 0):
 garbage-first heap   total 242688K, used 82445K [0x0000000740000000, 0x0000000740100768, 0x00000007c0000000)
  region size 1024K, 3 young (3072K), 3 survivors (3072K)
 Metaspace       used 41223K, capacity 45360K, committed 45564K, reserved 1089536K
  class space    used 5362K, capacity 6032K, committed 6140K, reserved 1048576K
}
Event: 52.775 GC heap before
{Heap before GC invocations=141 (full 0):
 garbage-first heap   total 242688K, used 213517K [0x0000000740000000, 0x0000000740100768, 0x00000007c0000000)
  region size 1024K, 131 young (134144K), 3 survivors (3072K)
 Metaspace       used 41223K, capacity 45360K, committed 45564K, reserved 1089536K
  class space    used 5362K, capacity 6032K, committed 6140K, reserved 1048576K
}
Event: 52.778 GC heap after
{Heap after GC invocations=142 (full 0):
 garbage-first heap   total 242688K, used 83104K [0x0000000740000000, 0x0000000740100768, 0x00000007c0000000)
  region size 1024K, 3 young (3072K), 3 survivors (3072K)
 Metaspace       used 41223K, capacity 45360K, committed 45564K, reserved 1089536K
  class space    used 5362K, capacity 6032K, committed 6140K, reserved 1048576K
}

