# JRE version: Java(TM) SE Runtime Environment (9.0+11) (build 9.0.1+11)
# Java VM: Java HotSpot(TM) 64-Bit Server VM (9.0.1+11, mixed mode, tiered, compressed oops, g1 gc, bsd-amd64)
Heap:
 garbage-first heap   total 609280K, used 258272K [0x0000000740000000, 0x0000000740101298, 0x00000007c0000000)
  region size 1024K, 57 young (58368K), 2 survivors (2048K)
 Metaspace       used 41007K, capacity 45188K, committed 45436K, reserved 1089536K
  class space    used 5311K, capacity 6000K, committed 6012K, reserved 1048576K
GC Heap History (10 events):
Event: 100.658 GC heap before
{Heap before GC invocations=113 (full 0):
 garbage-first heap   total 609280K, used 545340K [0x0000000740000000, 0x0000000740101298, 0x00000007c0000000)
  region size 1024K, 338 young (346112K), 2 survivors (2048K)
 Metaspace       used 40805K, capacity 44888K, committed 44924K, reserved 1087488K
  class space    used 5301K, capacity 5990K, committed 6012K, reserved 1048576K
}
Event: 100.661 GC heap after
{Heap after GC invocations=114 (full 0):
 garbage-first heap   total 609280K, used 201365K [0x0000000740000000, 0x0000000740101298, 0x00000007c0000000)
  region size 1024K, 2 young (2048K), 2 survivors (2048K)
 Metaspace       used 40805K, capacity 44888K, committed 44924K, reserved 1087488K
  class space    used 5301K, capacity 5990K, committed 6012K, reserved 1048576K
}
Event: 101.270 GC heap before
{Heap before GC invocations=114 (full 0):
 garbage-first heap   total 609280K, used 545429K [0x0000000740000000, 0x0000000740101298, 0x00000007c0000000)
  region size 1024K, 338 young (346112K), 2 survivors (2048K)
 Metaspace       used 40820K, capacity 44894K, committed 44924K, reserved 1087488K
  class space    used 5301K, capacity 5991K, committed 6012K, reserved 1048576K
}
Event: 101.273 GC heap after
{Heap after GC invocations=115 (full 0):
 garbage-first heap   total 609280K, used 201005K [0x0000000740000000, 0x0000000740101298, 0x00000007c0000000)
  region size 1024K, 2 young (2048K), 2 survivors (2048K)
 Metaspace       used 40820K, capacity 44894K, committed 44924K, reserved 1087488K
  class space    used 5301K, capacity 5991K, committed 6012K, reserved 1048576K
}
Event: 101.955 GC heap before
{Heap before GC invocations=115 (full 0):
 garbage-first heap   total 609280K, used 545069K [0x0000000740000000, 0x0000000740101298, 0x00000007c0000000)
  region size 1024K, 338 young (346112K), 2 survivors (2048K)
 Metaspace       used 40834K, capacity 44964K, committed 45180K, reserved 1089536K
  class space    used 5302K, capacity 5992K, committed 6012K, reserved 1048576K
}
Event: 101.958 GC heap after
{Heap after GC invocations=116 (full 0):
 garbage-first heap   total 609280K, used 201340K [0x0000000740000000, 0x0000000740101298, 0x00000007c0000000)
  region size 1024K, 2 young (2048K), 2 survivors (2048K)
 Metaspace       used 40834K, capacity 44964K, committed 45180K, reserved 1089536K
  class space    used 5302K, capacity 5992K, committed 6012K, reserved 1048576K
}
Event: 102.621 GC heap before
{Heap before GC invocations=116 (full 0):
 garbage-first heap   total 609280K, used 547452K [0x0000000740000000, 0x0000000740101298, 0x00000007c0000000)
  region size 1024K, 338 young (346112K), 2 survivors (2048K)
 Metaspace       used 40977K, capacity 45034K, committed 45180K, reserved 1089536K
  class space    used 5307K, capacity 5993K, committed 6012K, reserved 1048576K
}
Event: 102.624 GC heap after
{Heap after GC invocations=117 (full 0):
 garbage-first heap   total 609280K, used 203573K [0x0000000740000000, 0x0000000740101298, 0x00000007c0000000)
  region size 1024K, 2 young (2048K), 2 survivors (2048K)
 Metaspace       used 40977K, capacity 45034K, committed 45180K, reserved 1089536K
  class space    used 5307K, capacity 5993K, committed 6012K, reserved 1048576K
}
Event: 103.198 GC heap before
{Heap before GC invocations=117 (full 0):
 garbage-first heap   total 609280K, used 545589K [0x0000000740000000, 0x0000000740101298, 0x00000007c0000000)
  region size 1024K, 336 young (344064K), 2 survivors (2048K)
 Metaspace       used 40990K, capacity 45034K, committed 45180K, reserved 1089536K
  class space    used 5307K, capacity 5993K, committed 6012K, reserved 1048576K
}
Event: 103.201 GC heap after
{Heap after GC invocations=118 (full 0):
 garbage-first heap   total 609280K, used 202976K [0x0000000740000000, 0x0000000740101298, 0x00000007c0000000)
  region size 1024K, 2 young (2048K), 2 survivors (2048K)
 Metaspace       used 40990K, capacity 45034K, committed 45180K, reserved 1089536K
  class space    used 5307K, capacity 5993K, committed 6012K, reserved 1048576K
}

